<?xml version="1.0" encoding="UTF-8"?>
<!-- Generated by org.testng.reporters.JUnitReportReporter -->
<testsuite hostname="LNGDAYL-7004813" name="thiYaguFramework.DataProviderExample" tests="4" failures="0" timestamp="22 Jan 2017 13:43:25 GMT" time="0.016" errors="0">
  <testcase name="createUserID" time="0.000" classname="thiYaguFramework.DataProviderExample"/>
  <testcase name="createID" time="0.000" classname="thiYaguFramework.DataProviderExample"/>
  <testcase name="createID" time="0.000" classname="thiYaguFramework.DataProviderExample"/>
  <testcase name="createID" time="0.016" classname="thiYaguFramework.DataProviderExample"/>
</testsuite> <!-- thiYaguFramework.DataProviderExample -->
