<?xml version="1.0" encoding="UTF-8"?>
<!-- Generated by org.testng.reporters.JUnitReportReporter -->
<testsuite hostname="LNGDAYL-7004813" name="thiYaguFramework.TestBase" tests="1" failures="0" timestamp="24 Jan 2017 21:32:10 GMT" time="0.019" errors="0">
  <testcase name="setup" time="0.019" classname="thiYaguFramework.TestBase"/>
</testsuite> <!-- thiYaguFramework.TestBase -->
