<?xml version="1.0" encoding="UTF-8"?>
<!-- Generated by org.testng.reporters.JUnitReportReporter -->
<testsuite hostname="LNGDAYL-7004813" name="pageObjectFramework1.ExcelDataTest" tests="1" failures="0" timestamp="4 Mar 2017 16:53:45 GMT" time="0.757" errors="0">
  <testcase name="LoginApp" time="0.757" classname="pageObjectFramework1.ExcelDataTest"/>
</testsuite> <!-- pageObjectFramework1.ExcelDataTest -->
