<?xml version="1.0" encoding="UTF-8"?>
<!-- Generated by org.testng.reporters.JUnitReportReporter -->
<testsuite hostname="LNGDAYL-7004813" name="BasicsAnotations.DependencyAnnotation" tests="2" failures="0" timestamp="3 Mar 2017 21:11:15 GMT" time="0.019" errors="0">
  <testcase name="Login" time="0.001" classname="BasicsAnotations.DependencyAnnotation"/>
  <testcase name="OpeningBrowser" time="0.018" classname="BasicsAnotations.DependencyAnnotation"/>
</testsuite> <!-- BasicsAnotations.DependencyAnnotation -->
