<?xml version="1.0" encoding="UTF-8"?>
<!-- Generated by org.testng.reporters.JUnitReportReporter -->
<testsuite hostname="LNGDAYL-7004813" name="pageObjectFramework1.KrogerPickStore" tests="1" failures="0" timestamp="26 Feb 2017 17:18:58 GMT" time="0.677" errors="0">
  <testcase name="SearchStore" time="0.677" classname="pageObjectFramework1.KrogerPickStore"/>
</testsuite> <!-- pageObjectFramework1.KrogerPickStore -->
