<?xml version="1.0" encoding="UTF-8"?>
<!-- Generated by org.testng.reporters.JUnitReportReporter -->
<testsuite hostname="LNGDAYL-7004813" name="pageObjectFramework1.ExcelDataTest" tests="1" failures="0" timestamp="24 Feb 2017 14:43:15 GMT" time="1.220" errors="0">
  <testcase name="LoginApp" time="1.220" classname="pageObjectFramework1.ExcelDataTest"/>
</testsuite> <!-- pageObjectFramework1.ExcelDataTest -->
