<?xml version="1.0" encoding="UTF-8"?>
<!-- Generated by org.testng.reporters.JUnitReportReporter -->
<testsuite hostname="LNGDAYL-7004813" name="pageObjectFramework1.LoginTest" tests="1" failures="0" timestamp="16 Feb 2017 21:33:47 GMT" time="0.759" errors="0">
  <testcase name="LoginApp" time="0.759" classname="pageObjectFramework1.LoginTest"/>
</testsuite> <!-- pageObjectFramework1.LoginTest -->
