<?xml version="1.0" encoding="UTF-8"?>
<!-- Generated by org.testng.reporters.JUnitReportReporter -->
<testsuite hostname="LNGDAYL-7004813" name="lib.ReadFromExcel" tests="1" failures="0" timestamp="23 Feb 2017 21:31:23 GMT" time="0.750" errors="0">
  <testcase name="Readdata" time="0.750" classname="lib.ReadFromExcel"/>
</testsuite> <!-- lib.ReadFromExcel -->
