<?xml version="1.0" encoding="UTF-8"?>
<!-- Generated by org.testng.reporters.JUnitReportReporter -->
<testsuite hostname="LNGDAYL-7004813" name="thiYaguFramework.LoginTest" tests="1" failures="0" timestamp="24 Jan 2017 21:56:25 GMT" time="14.207" errors="0">
  <testcase name="LoginApp" time="14.207" classname="thiYaguFramework.LoginTest"/>
</testsuite> <!-- thiYaguFramework.LoginTest -->
