<?xml version="1.0" encoding="UTF-8"?>
<!-- Generated by org.testng.reporters.JUnitReportReporter -->
<testsuite hostname="LNGDAYL-7004813" name="lib.ReadExcelData" tests="1" failures="0" timestamp="23 Feb 2017 21:18:13 GMT" time="1.051" errors="0">
  <testcase name="Readdata" time="1.051" classname="lib.ReadExcelData"/>
</testsuite> <!-- lib.ReadExcelData -->
