<?xml version="1.0" encoding="UTF-8"?>
<!-- Generated by org.testng.reporters.JUnitReportReporter -->
<testsuite hostname="LNGDAYL-7004813" name="pageObjectFramework1.KrogerPickStore" tests="1" failures="0" timestamp="24 Feb 2017 03:41:52 GMT" time="1.005" errors="0">
  <testcase name="SearchStore" time="1.005" classname="pageObjectFramework1.KrogerPickStore"/>
</testsuite> <!-- pageObjectFramework1.KrogerPickStore -->
