<?xml version="1.0" encoding="UTF-8"?>
<!-- Generated by org.testng.reporters.JUnitReportReporter -->
<testsuite hostname="LNGDAYL-7004813" name="thiYaguFramework.AppTest" tests="2" failures="0" timestamp="23 Jan 2017 21:26:50 GMT" time="0.009" errors="0">
  <testcase name="GetUserName" time="0.002" classname="thiYaguFramework.AppTest"/>
  <testcase name="BookTicket" time="0.007" classname="thiYaguFramework.AppTest"/>
</testsuite> <!-- thiYaguFramework.AppTest -->
