<?xml version="1.0" encoding="UTF-8"?>
<!-- Generated by org.testng.reporters.JUnitReportReporter -->
<testsuite hostname="LNGDAYL-7004813" name="BasicsAnotations.AppTest" tests="2" failures="0" timestamp="22 Feb 2017 14:41:41 GMT" time="0.003" errors="0">
  <testcase name="BookTicket" time="0.001" classname="BasicsAnotations.AppTest"/>
  <testcase name="GetUserName" time="0.002" classname="BasicsAnotations.AppTest"/>
</testsuite> <!-- BasicsAnotations.AppTest -->
