<?xml version="1.0" encoding="UTF-8"?>
<!-- Generated by org.testng.reporters.JUnitReportReporter -->
<testsuite hostname="LNGDAYL-7004813" name="thiYaguFramework.AppTest" tests="2" failures="0" timestamp="24 Jan 2017 15:40:33 GMT" time="0.003" errors="0">
  <testcase name="BookTicket" time="0.002" classname="thiYaguFramework.AppTest"/>
  <testcase name="GetUserName" time="0.001" classname="thiYaguFramework.AppTest"/>
</testsuite> <!-- thiYaguFramework.AppTest -->
